# JRE version: OpenJDK Runtime Environment Temurin-17.0.6+10 (17.0.6+10) (build 17.0.6+10)
# Java VM: OpenJDK 64-Bit Server VM Temurin-17.0.6+10 (17.0.6+10, mixed mode, tiered, compressed oops, compressed class ptrs, g1 gc, windows-amd64)
GC Precious Log:
 CPUs: 6 total, 6 available
 Memory: 8001M
 Large Page Support: Disabled
 NUMA Support: Disabled
 Compressed Oops: Enabled (32-bit)
 Heap Region Size: 1M
 Heap Min Capacity: 8M
 Heap Initial Capacity: 126M
 Heap Max Capacity: 2002M
 Pre-touch: Disabled
 Parallel Workers: 6
 Concurrent Workers: 2
 Concurrent Refinement Workers: 6
 Periodic GC: Disabled
Heap:
 garbage-first heap   total 387072K, used 345600K [0x0000000082e00000, 0x0000000100000000)
  region size 1024K, 4 young (4096K), 4 survivors (4096K)
 Metaspace       used 5361K, committed 5504K, reserved 1056768K
  class space    used 428K, committed 512K, reserved 1048576K
GC Heap History (17 events):
Event: 0.159 GC heap before
{Heap before GC invocations=0 (full 0):
 garbage-first heap   total 129024K, used 37888K [0x0000000082e00000, 0x0000000100000000)
  region size 1024K, 21 young (21504K), 0 survivors (0K)
 Metaspace       used 5361K, committed 5504K, reserved 1056768K
  class space    used 428K, committed 512K, reserved 1048576K
}
Event: 0.190 GC heap after
{Heap after GC invocations=1 (full 0):
 garbage-first heap   total 129024K, used 35856K [0x0000000082e00000, 0x0000000100000000)
  region size 1024K, 3 young (3072K), 3 survivors (3072K)
 Metaspace       used 5361K, committed 5504K, reserved 1056768K
  class space    used 428K, committed 512K, reserved 1048576K
}
Event: 0.199 GC heap before
{Heap before GC invocations=1 (full 0):
 garbage-first heap   total 129024K, used 46096K [0x0000000082e00000, 0x0000000100000000)
  region size 1024K, 6 young (6144K), 3 survivors (3072K)
 Metaspace       used 5361K, committed 5504K, reserved 1056768K
  class space    used 428K, committed 512K, reserved 1048576K
}
Event: 0.207 GC heap after
{Heap after GC invocations=2 (full 0):
 garbage-first heap   total 129024K, used 47104K [0x0000000082e00000, 0x0000000100000000)
  region size 1024K, 1 young (1024K), 1 survivors (1024K)
 Metaspace       used 5361K, committed 5504K, reserved 1056768K
  class space    used 428K, committed 512K, reserved 1048576K
}
Event: 0.214 GC heap before
{Heap before GC invocations=2 (full 0):
 garbage-first heap   total 129024K, used 52224K [0x0000000082e00000, 0x0000000100000000)
  region size 1024K, 6 young (6144K), 1 survivors (1024K)
 Metaspace       used 5361K, committed 5504K, reserved 1056768K
  class space    used 428K, committed 512K, reserved 1048576K
}
Event: 0.220 GC heap after
{Heap after GC invocations=3 (full 0):
 garbage-first heap   total 129024K, used 52736K [0x0000000082e00000, 0x0000000100000000)
  region size 1024K, 1 young (1024K), 1 survivors (1024K)
 Metaspace       used 5361K, committed 5504K, reserved 1056768K
  class space    used 428K, committed 512K, reserved 1048576K
}
Event: 0.223 GC heap before
{Heap before GC invocations=3 (full 0):
 garbage-first heap   total 129024K, used 53760K [0x0000000082e00000, 0x0000000100000000)
  region size 1024K, 3 young (3072K), 1 survivors (1024K)
 Metaspace       used 5361K, committed 5504K, reserved 1056768K
  class space    used 428K, committed 512K, reserved 1048576K
}
Event: 0.225 GC heap after
{Heap after GC invocations=4 (full 0):
 garbage-first heap   total 129024K, used 54373K [0x0000000082e00000, 0x0000000100000000)
  region size 1024K, 3 young (3072K), 3 survivors (3072K)
 Metaspace       used 5361K, committed 5504K, reserved 1056768K
  class space    used 428K, committed 512K, reserved 1048576K
}
Event: 0.253 GC heap before
{Heap before GC invocations=4 (full 0):
 garbage-first heap   total 129024K, used 78949K [0x0000000082e00000, 0x0000000100000000)
  region size 1024K, 17 young (17408K), 3 survivors (3072K)
 Metaspace       used 5361K, committed 5504K, reserved 1056768K
  class space    used 428K, committed 512K, reserved 1048576K
}
Event: 0.270 GC heap after
{Heap after GC invocations=5 (full 0):
 garbage-first heap   total 387072K, used 79872K [0x0000000082e00000, 0x0000000100000000)
  region size 1024K, 3 young (3072K), 3 survivors (3072K)
 Metaspace       used 5361K, committed 5504K, reserved 1056768K
  class space    used 428K, committed 512K, reserved 1048576K
}
Event: 0.349 GC heap before
{Heap before GC invocations=5 (full 0):
 garbage-first heap   total 387072K, used 156672K [0x0000000082e00000, 0x0000000100000000)
  region size 1024K, 38 young (38912K), 3 survivors (3072K)
 Metaspace       used 5361K, committed 5504K, reserved 1056768K
  class space    used 428K, committed 512K, reserved 1048576K
}
Event: 0.373 GC heap after
{Heap after GC invocations=6 (full 0):
 garbage-first heap   total 387072K, used 158051K [0x0000000082e00000, 0x0000000100000000)
  region size 1024K, 5 young (5120K), 5 survivors (5120K)
 Metaspace       used 5361K, committed 5504K, reserved 1056768K
  class space    used 428K, committed 512K, reserved 1048576K
}
Event: 0.397 GC heap before
{Heap before GC invocations=6 (full 0):
 garbage-first heap   total 387072K, used 175459K [0x0000000082e00000, 0x0000000100000000)
  region size 1024K, 23 young (23552K), 5 survivors (5120K)
 Metaspace       used 5361K, committed 5504K, reserved 1056768K
  class space    used 428K, committed 512K, reserved 1048576K
}
Event: 0.409 GC heap after
{Heap after GC invocations=7 (full 0):
 garbage-first heap   total 387072K, used 178176K [0x0000000082e00000, 0x0000000100000000)
  region size 1024K, 6 young (6144K), 6 survivors (6144K)
 Metaspace       used 5361K, committed 5504K, reserved 1056768K
  class space    used 428K, committed 512K, reserved 1048576K
}
Event: 0.503 GC heap before
{Heap before GC invocations=7 (full 0):
 garbage-first heap   total 387072K, used 263168K [0x0000000082e00000, 0x0000000100000000)
  region size 1024K, 54 young (55296K), 6 survivors (6144K)
 Metaspace       used 5361K, committed 5504K, reserved 1056768K
  class space    used 428K, committed 512K, reserved 1048576K
}
Event: 0.538 GC heap after
{Heap after GC invocations=8 (full 0):
 garbage-first heap   total 387072K, used 265216K [0x0000000082e00000, 0x0000000100000000)
  region size 1024K, 7 young (7168K), 7 survivors (7168K)
 Metaspace       used 5361K, committed 5504K, reserved 1056768K
  class space    used 428K, committed 512K, reserved 1048576K
}
Event: 0.617 GC heap before
{Heap before GC invocations=8 (full 0):
 garbage-first heap   total 387072K, used 344064K [0x0000000082e00000, 0x0000000100000000)
  region size 1024K, 31 young (31744K), 7 survivors (7168K)
 Metaspace       used 5361K, committed 5504K, reserved 1056768K
  class space    used 428K, committed 512K, reserved 1048576K
}

